[INFO] 2020-09-07 22:44:51 Unable to send data to <192.168.1.252, 1234>
java.net.NoRouteToHostException: No route to host: connect
	at java.net.DualStackPlainSocketImpl.connect0(Native Method) ~[?:1.8.0_131]
	at java.net.DualStackPlainSocketImpl.socketConnect(Unknown Source) ~[?:1.8.0_131]
	at java.net.AbstractPlainSocketImpl.doConnect(Unknown Source) ~[?:1.8.0_131]
	at java.net.AbstractPlainSocketImpl.connectToAddress(Unknown Source) ~[?:1.8.0_131]
	at java.net.AbstractPlainSocketImpl.connect(Unknown Source) ~[?:1.8.0_131]
	at java.net.PlainSocketImpl.connect(Unknown Source) ~[?:1.8.0_131]
	at java.net.SocksSocketImpl.connect(Unknown Source) ~[?:1.8.0_131]
	at java.net.Socket.connect(Unknown Source) ~[?:1.8.0_131]
	at java.net.Socket.connect(Unknown Source) ~[?:1.8.0_131]
	at java.net.Socket.<init>(Unknown Source) ~[?:1.8.0_131]
	at java.net.Socket.<init>(Unknown Source) ~[?:1.8.0_131]
	at comm.Agent.send(Agent.java:480) [SLECon.jar:?]
	at comm.Agent.mcs(Agent.java:396) [SLECon.jar:?]
	at comm.Parser_Misc.mcs(Parser_Misc.java:62) [SLECon.jar:?]
	at slecon.setting.installation.SelfLearningDialog.abort(SelfLearningDialog.java:419) [SLECon.jar:?]
	at slecon.setting.installation.SelfLearningDialog.do_btnStartStop_actionPerformed(SelfLearningDialog.java:433) [SLECon.jar:?]
	at slecon.setting.installation.SelfLearningDialog.actionPerformed(SelfLearningDialog.java:252) [SLECon.jar:?]
	at javax.swing.AbstractButton.fireActionPerformed(Unknown Source) [?:1.8.0_131]
	at javax.swing.AbstractButton$Handler.actionPerformed(Unknown Source) [?:1.8.0_131]
	at javax.swing.DefaultButtonModel.fireActionPerformed(Unknown Source) [?:1.8.0_131]
	at javax.swing.DefaultButtonModel.setPressed(Unknown Source) [?:1.8.0_131]
	at javax.swing.plaf.basic.BasicButtonListener.mouseReleased(Unknown Source) [?:1.8.0_131]
	at java.awt.Component.processMouseEvent(Unknown Source) [?:1.8.0_131]
	at javax.swing.JComponent.processMouseEvent(Unknown Source) [?:1.8.0_131]
	at java.awt.Component.processEvent(Unknown Source) [?:1.8.0_131]
	at java.awt.Container.processEvent(Unknown Source) [?:1.8.0_131]
	at java.awt.Component.dispatchEventImpl(Unknown Source) [?:1.8.0_131]
	at java.awt.Container.dispatchEventImpl(Unknown Source) [?:1.8.0_131]
	at java.awt.Component.dispatchEvent(Unknown Source) [?:1.8.0_131]
	at java.awt.LightweightDispatcher.retargetMouseEvent(Unknown Source) [?:1.8.0_131]
	at java.awt.LightweightDispatcher.processMouseEvent(Unknown Source) [?:1.8.0_131]
	at java.awt.LightweightDispatcher.dispatchEvent(Unknown Source) [?:1.8.0_131]
	at java.awt.Container.dispatchEventImpl(Unknown Source) [?:1.8.0_131]
	at java.awt.Window.dispatchEventImpl(Unknown Source) [?:1.8.0_131]
	at java.awt.Component.dispatchEvent(Unknown Source) [?:1.8.0_131]
	at java.awt.EventQueue.dispatchEventImpl(Unknown Source) [?:1.8.0_131]
	at java.awt.EventQueue.access$500(Unknown Source) [?:1.8.0_131]
	at java.awt.EventQueue$3.run(Unknown Source) [?:1.8.0_131]
	at java.awt.EventQueue$3.run(Unknown Source) [?:1.8.0_131]
	at java.security.AccessController.doPrivileged(Native Method) [?:1.8.0_131]
	at java.security.ProtectionDomain$JavaSecurityAccessImpl.doIntersectionPrivilege(Unknown Source) [?:1.8.0_131]
	at java.security.ProtectionDomain$JavaSecurityAccessImpl.doIntersectionPrivilege(Unknown Source) [?:1.8.0_131]
	at java.awt.EventQueue$4.run(Unknown Source) [?:1.8.0_131]
	at java.awt.EventQueue$4.run(Unknown Source) [?:1.8.0_131]
	at java.security.AccessController.doPrivileged(Native Method) [?:1.8.0_131]
	at java.security.ProtectionDomain$JavaSecurityAccessImpl.doIntersectionPrivilege(Unknown Source) [?:1.8.0_131]
	at java.awt.EventQueue.dispatchEvent(Unknown Source) [?:1.8.0_131]
	at java.awt.EventDispatchThread.pumpOneEventForFilters(Unknown Source) [?:1.8.0_131]
	at java.awt.EventDispatchThread.pumpEventsForFilter(Unknown Source) [?:1.8.0_131]
	at java.awt.EventDispatchThread.pumpEventsForFilter(Unknown Source) [?:1.8.0_131]
	at java.awt.WaitDispatchSupport$2.run(Unknown Source) [?:1.8.0_131]
	at java.awt.WaitDispatchSupport$4.run(Unknown Source) [?:1.8.0_131]
	at java.awt.WaitDispatchSupport$4.run(Unknown Source) [?:1.8.0_131]
	at java.security.AccessController.doPrivileged(Native Method) [?:1.8.0_131]
	at java.awt.WaitDispatchSupport.enter(Unknown Source) [?:1.8.0_131]
	at java.awt.Dialog.show(Unknown Source) [?:1.8.0_131]
	at java.awt.Component.show(Unknown Source) [?:1.8.0_131]
	at java.awt.Component.setVisible(Unknown Source) [?:1.8.0_131]
	at java.awt.Window.setVisible(Unknown Source) [?:1.8.0_131]
	at java.awt.Dialog.setVisible(Unknown Source) [?:1.8.0_131]
	at slecon.setting.installation.SelfLearningDialog.doSelfLeraning(SelfLearningDialog.java:134) [SLECon.jar:?]
	at slecon.setting.installation.DoorZones.do_btn_execute_self_learn_door_zone_actionPerformed(DoorZones.java:520) [SLECon.jar:?]
	at slecon.setting.installation.DoorZones.actionPerformed(DoorZones.java:493) [SLECon.jar:?]
	at javax.swing.AbstractButton.fireActionPerformed(Unknown Source) [?:1.8.0_131]
	at javax.swing.AbstractButton$Handler.actionPerformed(Unknown Source) [?:1.8.0_131]
	at javax.swing.DefaultButtonModel.fireActionPerformed(Unknown Source) [?:1.8.0_131]
	at javax.swing.DefaultButtonModel.setPressed(Unknown Source) [?:1.8.0_131]
	at javax.swing.plaf.basic.BasicButtonListener.mouseReleased(Unknown Source) [?:1.8.0_131]
	at java.awt.AWTEventMulticaster.mouseReleased(Unknown Source) [?:1.8.0_131]
	at java.awt.AWTEventMulticaster.mouseReleased(Unknown Source) [?:1.8.0_131]
	at java.awt.Component.processMouseEvent(Unknown Source) [?:1.8.0_131]
	at javax.swing.JComponent.processMouseEvent(Unknown Source) [?:1.8.0_131]
	at java.awt.Component.processEvent(Unknown Source) [?:1.8.0_131]
	at java.awt.Container.processEvent(Unknown Source) [?:1.8.0_131]
	at java.awt.Component.dispatchEventImpl(Unknown Source) [?:1.8.0_131]
	at java.awt.Container.dispatchEventImpl(Unknown Source) [?:1.8.0_131]
	at java.awt.Component.dispatchEvent(Unknown Source) [?:1.8.0_131]
	at java.awt.LightweightDispatcher.retargetMouseEvent(Unknown Source) [?:1.8.0_131]
	at java.awt.LightweightDispatcher.processMouseEvent(Unknown Source) [?:1.8.0_131]
	at java.awt.LightweightDispatcher.dispatchEvent(Unknown Source) [?:1.8.0_131]
	at java.awt.Container.dispatchEventImpl(Unknown Source) [?:1.8.0_131]
	at java.awt.Window.dispatchEventImpl(Unknown Source) [?:1.8.0_131]
	at java.awt.Component.dispatchEvent(Unknown Source) [?:1.8.0_131]
	at java.awt.EventQueue.dispatchEventImpl(Unknown Source) [?:1.8.0_131]
	at java.awt.EventQueue.access$500(Unknown Source) [?:1.8.0_131]
	at java.awt.EventQueue$3.run(Unknown Source) [?:1.8.0_131]
	at java.awt.EventQueue$3.run(Unknown Source) [?:1.8.0_131]
	at java.security.AccessController.doPrivileged(Native Method) [?:1.8.0_131]
	at java.security.ProtectionDomain$JavaSecurityAccessImpl.doIntersectionPrivilege(Unknown Source) [?:1.8.0_131]
	at java.security.ProtectionDomain$JavaSecurityAccessImpl.doIntersectionPrivilege(Unknown Source) [?:1.8.0_131]
	at java.awt.EventQueue$4.run(Unknown Source) [?:1.8.0_131]
	at java.awt.EventQueue$4.run(Unknown Source) [?:1.8.0_131]
	at java.security.AccessController.doPrivileged(Native Method) [?:1.8.0_131]
	at java.security.ProtectionDomain$JavaSecurityAccessImpl.doIntersectionPrivilege(Unknown Source) [?:1.8.0_131]
	at java.awt.EventQueue.dispatchEvent(Unknown Source) [?:1.8.0_131]
	at java.awt.EventDispatchThread.pumpOneEventForFilters(Unknown Source) [?:1.8.0_131]
	at java.awt.EventDispatchThread.pumpEventsForFilter(Unknown Source) [?:1.8.0_131]
	at java.awt.EventDispatchThread.pumpEventsForHierarchy(Unknown Source) [?:1.8.0_131]
	at java.awt.EventDispatchThread.pumpEvents(Unknown Source) [?:1.8.0_131]
	at java.awt.EventDispatchThread.pumpEvents(Unknown Source) [?:1.8.0_131]
	at java.awt.EventDispatchThread.run(Unknown Source) [?:1.8.0_131]
[INFO] 2020-09-07 22:47:31 Unable to send data to <192.168.1.252, 1234>
java.net.NoRouteToHostException: No route to host: connect
	at java.net.DualStackPlainSocketImpl.connect0(Native Method) ~[?:1.8.0_131]
	at java.net.DualStackPlainSocketImpl.socketConnect(Unknown Source) ~[?:1.8.0_131]
	at java.net.AbstractPlainSocketImpl.doConnect(Unknown Source) ~[?:1.8.0_131]
	at java.net.AbstractPlainSocketImpl.connectToAddress(Unknown Source) ~[?:1.8.0_131]
	at java.net.AbstractPlainSocketImpl.connect(Unknown Source) ~[?:1.8.0_131]
	at java.net.PlainSocketImpl.connect(Unknown Source) ~[?:1.8.0_131]
	at java.net.SocksSocketImpl.connect(Unknown Source) ~[?:1.8.0_131]
	at java.net.Socket.connect(Unknown Source) ~[?:1.8.0_131]
	at java.net.Socket.connect(Unknown Source) ~[?:1.8.0_131]
	at java.net.Socket.<init>(Unknown Source) ~[?:1.8.0_131]
	at java.net.Socket.<init>(Unknown Source) ~[?:1.8.0_131]
	at comm.Agent.send(Agent.java:480) [SLECon.jar:?]
	at comm.Agent.mcs(Agent.java:396) [SLECon.jar:?]
	at comm.Parser_Misc.mcs(Parser_Misc.java:62) [SLECon.jar:?]
	at slecon.setting.installation.SelfLearningDialog.abort(SelfLearningDialog.java:419) [SLECon.jar:?]
	at slecon.setting.installation.SelfLearningDialog.do_btnStartStop_actionPerformed(SelfLearningDialog.java:433) [SLECon.jar:?]
	at slecon.setting.installation.SelfLearningDialog.actionPerformed(SelfLearningDialog.java:252) [SLECon.jar:?]
	at javax.swing.AbstractButton.fireActionPerformed(Unknown Source) [?:1.8.0_131]
	at javax.swing.AbstractButton$Handler.actionPerformed(Unknown Source) [?:1.8.0_131]
	at javax.swing.DefaultButtonModel.fireActionPerformed(Unknown Source) [?:1.8.0_131]
	at javax.swing.DefaultButtonModel.setPressed(Unknown Source) [?:1.8.0_131]
	at javax.swing.plaf.basic.BasicButtonListener.mouseReleased(Unknown Source) [?:1.8.0_131]
	at java.awt.Component.processMouseEvent(Unknown Source) [?:1.8.0_131]
	at javax.swing.JComponent.processMouseEvent(Unknown Source) [?:1.8.0_131]
	at java.awt.Component.processEvent(Unknown Source) [?:1.8.0_131]
	at java.awt.Container.processEvent(Unknown Source) [?:1.8.0_131]
	at java.awt.Component.dispatchEventImpl(Unknown Source) [?:1.8.0_131]
	at java.awt.Container.dispatchEventImpl(Unknown Source) [?:1.8.0_131]
	at java.awt.Component.dispatchEvent(Unknown Source) [?:1.8.0_131]
	at java.awt.LightweightDispatcher.retargetMouseEvent(Unknown Source) [?:1.8.0_131]
	at java.awt.LightweightDispatcher.processMouseEvent(Unknown Source) [?:1.8.0_131]
	at java.awt.LightweightDispatcher.dispatchEvent(Unknown Source) [?:1.8.0_131]
	at java.awt.Container.dispatchEventImpl(Unknown Source) [?:1.8.0_131]
	at java.awt.Window.dispatchEventImpl(Unknown Source) [?:1.8.0_131]
	at java.awt.Component.dispatchEvent(Unknown Source) [?:1.8.0_131]
	at java.awt.EventQueue.dispatchEventImpl(Unknown Source) [?:1.8.0_131]
	at java.awt.EventQueue.access$500(Unknown Source) [?:1.8.0_131]
	at java.awt.EventQueue$3.run(Unknown Source) [?:1.8.0_131]
	at java.awt.EventQueue$3.run(Unknown Source) [?:1.8.0_131]
	at java.security.AccessController.doPrivileged(Native Method) [?:1.8.0_131]
	at java.security.ProtectionDomain$JavaSecurityAccessImpl.doIntersectionPrivilege(Unknown Source) [?:1.8.0_131]
	at java.security.ProtectionDomain$JavaSecurityAccessImpl.doIntersectionPrivilege(Unknown Source) [?:1.8.0_131]
	at java.awt.EventQueue$4.run(Unknown Source) [?:1.8.0_131]
	at java.awt.EventQueue$4.run(Unknown Source) [?:1.8.0_131]
	at java.security.AccessController.doPrivileged(Native Method) [?:1.8.0_131]
	at java.security.ProtectionDomain$JavaSecurityAccessImpl.doIntersectionPrivilege(Unknown Source) [?:1.8.0_131]
	at java.awt.EventQueue.dispatchEvent(Unknown Source) [?:1.8.0_131]
	at java.awt.EventDispatchThread.pumpOneEventForFilters(Unknown Source) [?:1.8.0_131]
	at java.awt.EventDispatchThread.pumpEventsForFilter(Unknown Source) [?:1.8.0_131]
	at java.awt.EventDispatchThread.pumpEventsForFilter(Unknown Source) [?:1.8.0_131]
	at java.awt.WaitDispatchSupport$2.run(Unknown Source) [?:1.8.0_131]
	at java.awt.WaitDispatchSupport$4.run(Unknown Source) [?:1.8.0_131]
	at java.awt.WaitDispatchSupport$4.run(Unknown Source) [?:1.8.0_131]
	at java.security.AccessController.doPrivileged(Native Method) [?:1.8.0_131]
	at java.awt.WaitDispatchSupport.enter(Unknown Source) [?:1.8.0_131]
	at java.awt.Dialog.show(Unknown Source) [?:1.8.0_131]
	at java.awt.Component.show(Unknown Source) [?:1.8.0_131]
	at java.awt.Component.setVisible(Unknown Source) [?:1.8.0_131]
	at java.awt.Window.setVisible(Unknown Source) [?:1.8.0_131]
	at java.awt.Dialog.setVisible(Unknown Source) [?:1.8.0_131]
	at slecon.setting.installation.SelfLearningDialog.doSelfLeraning(SelfLearningDialog.java:134) [SLECon.jar:?]
	at slecon.setting.installation.DoorZones.do_btn_execute_self_learn_door_zone_actionPerformed(DoorZones.java:520) [SLECon.jar:?]
	at slecon.setting.installation.DoorZones.actionPerformed(DoorZones.java:493) [SLECon.jar:?]
	at javax.swing.AbstractButton.fireActionPerformed(Unknown Source) [?:1.8.0_131]
	at javax.swing.AbstractButton$Handler.actionPerformed(Unknown Source) [?:1.8.0_131]
	at javax.swing.DefaultButtonModel.fireActionPerformed(Unknown Source) [?:1.8.0_131]
	at javax.swing.DefaultButtonModel.setPressed(Unknown Source) [?:1.8.0_131]
	at javax.swing.plaf.basic.BasicButtonListener.mouseReleased(Unknown Source) [?:1.8.0_131]
	at java.awt.AWTEventMulticaster.mouseReleased(Unknown Source) [?:1.8.0_131]
	at java.awt.AWTEventMulticaster.mouseReleased(Unknown Source) [?:1.8.0_131]
	at java.awt.Component.processMouseEvent(Unknown Source) [?:1.8.0_131]
	at javax.swing.JComponent.processMouseEvent(Unknown Source) [?:1.8.0_131]
	at java.awt.Component.processEvent(Unknown Source) [?:1.8.0_131]
	at java.awt.Container.processEvent(Unknown Source) [?:1.8.0_131]
	at java.awt.Component.dispatchEventImpl(Unknown Source) [?:1.8.0_131]
	at java.awt.Container.dispatchEventImpl(Unknown Source) [?:1.8.0_131]
	at java.awt.Component.dispatchEvent(Unknown Source) [?:1.8.0_131]
	at java.awt.LightweightDispatcher.retargetMouseEvent(Unknown Source) [?:1.8.0_131]
	at java.awt.LightweightDispatcher.processMouseEvent(Unknown Source) [?:1.8.0_131]
	at java.awt.LightweightDispatcher.dispatchEvent(Unknown Source) [?:1.8.0_131]
	at java.awt.Container.dispatchEventImpl(Unknown Source) [?:1.8.0_131]
	at java.awt.Window.dispatchEventImpl(Unknown Source) [?:1.8.0_131]
	at java.awt.Component.dispatchEvent(Unknown Source) [?:1.8.0_131]
	at java.awt.EventQueue.dispatchEventImpl(Unknown Source) [?:1.8.0_131]
	at java.awt.EventQueue.access$500(Unknown Source) [?:1.8.0_131]
	at java.awt.EventQueue$3.run(Unknown Source) [?:1.8.0_131]
	at java.awt.EventQueue$3.run(Unknown Source) [?:1.8.0_131]
	at java.security.AccessController.doPrivileged(Native Method) [?:1.8.0_131]
	at java.security.ProtectionDomain$JavaSecurityAccessImpl.doIntersectionPrivilege(Unknown Source) [?:1.8.0_131]
	at java.security.ProtectionDomain$JavaSecurityAccessImpl.doIntersectionPrivilege(Unknown Source) [?:1.8.0_131]
	at java.awt.EventQueue$4.run(Unknown Source) [?:1.8.0_131]
	at java.awt.EventQueue$4.run(Unknown Source) [?:1.8.0_131]
	at java.security.AccessController.doPrivileged(Native Method) [?:1.8.0_131]
	at java.security.ProtectionDomain$JavaSecurityAccessImpl.doIntersectionPrivilege(Unknown Source) [?:1.8.0_131]
	at java.awt.EventQueue.dispatchEvent(Unknown Source) [?:1.8.0_131]
	at java.awt.EventDispatchThread.pumpOneEventForFilters(Unknown Source) [?:1.8.0_131]
	at java.awt.EventDispatchThread.pumpEventsForFilter(Unknown Source) [?:1.8.0_131]
	at java.awt.EventDispatchThread.pumpEventsForHierarchy(Unknown Source) [?:1.8.0_131]
	at java.awt.EventDispatchThread.pumpEvents(Unknown Source) [?:1.8.0_131]
	at java.awt.EventDispatchThread.pumpEvents(Unknown Source) [?:1.8.0_131]
	at java.awt.EventDispatchThread.run(Unknown Source) [?:1.8.0_131]
[INFO] 2020-09-08 13:52:48 Unable to send data to <192.168.1.251, 1234>
java.net.ConnectException: Connection timed out: connect
	at java.net.DualStackPlainSocketImpl.connect0(Native Method) ~[?:1.8.0_131]
	at java.net.DualStackPlainSocketImpl.socketConnect(Unknown Source) ~[?:1.8.0_131]
	at java.net.AbstractPlainSocketImpl.doConnect(Unknown Source) ~[?:1.8.0_131]
	at java.net.AbstractPlainSocketImpl.connectToAddress(Unknown Source) ~[?:1.8.0_131]
	at java.net.AbstractPlainSocketImpl.connect(Unknown Source) ~[?:1.8.0_131]
	at java.net.PlainSocketImpl.connect(Unknown Source) ~[?:1.8.0_131]
	at java.net.SocksSocketImpl.connect(Unknown Source) ~[?:1.8.0_131]
	at java.net.Socket.connect(Unknown Source) ~[?:1.8.0_131]
	at java.net.Socket.connect(Unknown Source) ~[?:1.8.0_131]
	at java.net.Socket.<init>(Unknown Source) ~[?:1.8.0_131]
	at java.net.Socket.<init>(Unknown Source) ~[?:1.8.0_131]
	at comm.Agent.send(Agent.java:480) [build/:?]
	at comm.Agent.update_Confirm(Agent.java:411) [build/:?]
	at comm.Parser_Misc.updateConfirm(Parser_Misc.java:80) [build/:?]
	at slecon.setting.management.UpdateSetting.sendUpdateCommand(UpdateSetting.java:284) [build/:?]
	at slecon.setting.management.Update.actionPerformed(Update.java:345) [build/:?]
	at javax.swing.AbstractButton.fireActionPerformed(Unknown Source) [?:1.8.0_131]
	at javax.swing.AbstractButton$Handler.actionPerformed(Unknown Source) [?:1.8.0_131]
	at javax.swing.DefaultButtonModel.fireActionPerformed(Unknown Source) [?:1.8.0_131]
	at javax.swing.DefaultButtonModel.setPressed(Unknown Source) [?:1.8.0_131]
	at javax.swing.plaf.basic.BasicButtonListener.mouseReleased(Unknown Source) [?:1.8.0_131]
	at java.awt.AWTEventMulticaster.mouseReleased(Unknown Source) [?:1.8.0_131]
	at java.awt.Component.processMouseEvent(Unknown Source) [?:1.8.0_131]
	at javax.swing.JComponent.processMouseEvent(Unknown Source) [?:1.8.0_131]
	at java.awt.Component.processEvent(Unknown Source) [?:1.8.0_131]
	at java.awt.Container.processEvent(Unknown Source) [?:1.8.0_131]
	at java.awt.Component.dispatchEventImpl(Unknown Source) [?:1.8.0_131]
	at java.awt.Container.dispatchEventImpl(Unknown Source) [?:1.8.0_131]
	at java.awt.Component.dispatchEvent(Unknown Source) [?:1.8.0_131]
	at java.awt.LightweightDispatcher.retargetMouseEvent(Unknown Source) [?:1.8.0_131]
	at java.awt.LightweightDispatcher.processMouseEvent(Unknown Source) [?:1.8.0_131]
	at java.awt.LightweightDispatcher.dispatchEvent(Unknown Source) [?:1.8.0_131]
	at java.awt.Container.dispatchEventImpl(Unknown Source) [?:1.8.0_131]
	at java.awt.Window.dispatchEventImpl(Unknown Source) [?:1.8.0_131]
	at java.awt.Component.dispatchEvent(Unknown Source) [?:1.8.0_131]
	at java.awt.EventQueue.dispatchEventImpl(Unknown Source) [?:1.8.0_131]
	at java.awt.EventQueue.access$500(Unknown Source) [?:1.8.0_131]
	at java.awt.EventQueue$3.run(Unknown Source) [?:1.8.0_131]
	at java.awt.EventQueue$3.run(Unknown Source) [?:1.8.0_131]
	at java.security.AccessController.doPrivileged(Native Method) [?:1.8.0_131]
	at java.security.ProtectionDomain$JavaSecurityAccessImpl.doIntersectionPrivilege(Unknown Source) [?:1.8.0_131]
	at java.security.ProtectionDomain$JavaSecurityAccessImpl.doIntersectionPrivilege(Unknown Source) [?:1.8.0_131]
	at java.awt.EventQueue$4.run(Unknown Source) [?:1.8.0_131]
	at java.awt.EventQueue$4.run(Unknown Source) [?:1.8.0_131]
	at java.security.AccessController.doPrivileged(Native Method) [?:1.8.0_131]
	at java.security.ProtectionDomain$JavaSecurityAccessImpl.doIntersectionPrivilege(Unknown Source) [?:1.8.0_131]
	at java.awt.EventQueue.dispatchEvent(Unknown Source) [?:1.8.0_131]
	at java.awt.EventDispatchThread.pumpOneEventForFilters(Unknown Source) [?:1.8.0_131]
	at java.awt.EventDispatchThread.pumpEventsForFilter(Unknown Source) [?:1.8.0_131]
	at java.awt.EventDispatchThread.pumpEventsForHierarchy(Unknown Source) [?:1.8.0_131]
	at java.awt.EventDispatchThread.pumpEvents(Unknown Source) [?:1.8.0_131]
	at java.awt.EventDispatchThread.pumpEvents(Unknown Source) [?:1.8.0_131]
	at java.awt.EventDispatchThread.run(Unknown Source) [?:1.8.0_131]
[FATAL] 2020-09-10 00:53:00 catching
slecon.interfaces.ConvertException
	at slecon.setting.setup.motion.Sequence.getPreRunSequenceBean(Sequence.java:417) ~[SLECon.jar:?]
	at slecon.setting.setup.motion.SequenceSetting.submit(SequenceSetting.java:253) [SLECon.jar:?]
	at slecon.setting.setup.motion.SequenceSetting.onOK(SequenceSetting.java:122) [SLECon.jar:?]
	at slecon.setting.setup.motion.SequenceSetting.onOK(SequenceSetting.java:37) [SLECon.jar:?]
	at slecon.component.SettingPanel.do_btnOK_actionPerformed(SettingPanel.java:231) [SLECon.jar:?]
	at slecon.component.SettingPanel.actionPerformed(SettingPanel.java:225) [SLECon.jar:?]
	at javax.swing.AbstractButton.fireActionPerformed(Unknown Source) [?:1.8.0_131]
	at javax.swing.AbstractButton$Handler.actionPerformed(Unknown Source) [?:1.8.0_131]
	at javax.swing.DefaultButtonModel.fireActionPerformed(Unknown Source) [?:1.8.0_131]
	at javax.swing.DefaultButtonModel.setPressed(Unknown Source) [?:1.8.0_131]
	at javax.swing.plaf.basic.BasicButtonListener.mouseReleased(Unknown Source) [?:1.8.0_131]
	at java.awt.AWTEventMulticaster.mouseReleased(Unknown Source) [?:1.8.0_131]
	at java.awt.Component.processMouseEvent(Unknown Source) [?:1.8.0_131]
	at javax.swing.JComponent.processMouseEvent(Unknown Source) [?:1.8.0_131]
	at java.awt.Component.processEvent(Unknown Source) [?:1.8.0_131]
	at java.awt.Container.processEvent(Unknown Source) [?:1.8.0_131]
	at java.awt.Component.dispatchEventImpl(Unknown Source) [?:1.8.0_131]
	at java.awt.Container.dispatchEventImpl(Unknown Source) [?:1.8.0_131]
	at java.awt.Component.dispatchEvent(Unknown Source) [?:1.8.0_131]
	at java.awt.LightweightDispatcher.retargetMouseEvent(Unknown Source) [?:1.8.0_131]
	at java.awt.LightweightDispatcher.processMouseEvent(Unknown Source) [?:1.8.0_131]
	at java.awt.LightweightDispatcher.dispatchEvent(Unknown Source) [?:1.8.0_131]
	at java.awt.Container.dispatchEventImpl(Unknown Source) [?:1.8.0_131]
	at java.awt.Window.dispatchEventImpl(Unknown Source) [?:1.8.0_131]
	at java.awt.Component.dispatchEvent(Unknown Source) [?:1.8.0_131]
	at java.awt.EventQueue.dispatchEventImpl(Unknown Source) [?:1.8.0_131]
	at java.awt.EventQueue.access$500(Unknown Source) [?:1.8.0_131]
	at java.awt.EventQueue$3.run(Unknown Source) [?:1.8.0_131]
	at java.awt.EventQueue$3.run(Unknown Source) [?:1.8.0_131]
	at java.security.AccessController.doPrivileged(Native Method) [?:1.8.0_131]
	at java.security.ProtectionDomain$JavaSecurityAccessImpl.doIntersectionPrivilege(Unknown Source) [?:1.8.0_131]
	at java.security.ProtectionDomain$JavaSecurityAccessImpl.doIntersectionPrivilege(Unknown Source) [?:1.8.0_131]
	at java.awt.EventQueue$4.run(Unknown Source) [?:1.8.0_131]
	at java.awt.EventQueue$4.run(Unknown Source) [?:1.8.0_131]
	at java.security.AccessController.doPrivileged(Native Method) [?:1.8.0_131]
	at java.security.ProtectionDomain$JavaSecurityAccessImpl.doIntersectionPrivilege(Unknown Source) [?:1.8.0_131]
	at java.awt.EventQueue.dispatchEvent(Unknown Source) [?:1.8.0_131]
	at java.awt.EventDispatchThread.pumpOneEventForFilters(Unknown Source) [?:1.8.0_131]
	at java.awt.EventDispatchThread.pumpEventsForFilter(Unknown Source) [?:1.8.0_131]
	at java.awt.EventDispatchThread.pumpEventsForHierarchy(Unknown Source) [?:1.8.0_131]
	at java.awt.EventDispatchThread.pumpEvents(Unknown Source) [?:1.8.0_131]
	at java.awt.EventDispatchThread.pumpEvents(Unknown Source) [?:1.8.0_131]
	at java.awt.EventDispatchThread.run(Unknown Source) [?:1.8.0_131]
[INFO] 2020-09-10 22:42:12 Unable to send data to <192.168.1.251, 1234>
java.net.ConnectException: Connection refused: connect
	at java.net.DualStackPlainSocketImpl.connect0(Native Method) ~[?:1.8.0_131]
	at java.net.DualStackPlainSocketImpl.socketConnect(Unknown Source) ~[?:1.8.0_131]
	at java.net.AbstractPlainSocketImpl.doConnect(Unknown Source) ~[?:1.8.0_131]
	at java.net.AbstractPlainSocketImpl.connectToAddress(Unknown Source) ~[?:1.8.0_131]
	at java.net.AbstractPlainSocketImpl.connect(Unknown Source) ~[?:1.8.0_131]
	at java.net.PlainSocketImpl.connect(Unknown Source) ~[?:1.8.0_131]
	at java.net.SocksSocketImpl.connect(Unknown Source) ~[?:1.8.0_131]
	at java.net.Socket.connect(Unknown Source) ~[?:1.8.0_131]
	at java.net.Socket.connect(Unknown Source) ~[?:1.8.0_131]
	at java.net.Socket.<init>(Unknown Source) ~[?:1.8.0_131]
	at java.net.Socket.<init>(Unknown Source) ~[?:1.8.0_131]
	at comm.Agent.send(Agent.java:480) [SLECon.jar:?]
	at comm.Agent.update_Confirm(Agent.java:411) [SLECon.jar:?]
	at comm.Parser_Misc.updateConfirm(Parser_Misc.java:80) [SLECon.jar:?]
	at slecon.setting.management.UpdateSetting.sendUpdateCommand(UpdateSetting.java:284) [SLECon.jar:?]
	at slecon.setting.management.UpdateSetting.setHot(UpdateSetting.java:176) [SLECon.jar:?]
	at slecon.setting.management.UpdateSetting.onDataChanged(UpdateSetting.java:137) [SLECon.jar:?]
	at comm.MonitorMgr.run(MonitorMgr.java:194) [SLECon.jar:?]
